{"level":"info","message":"New post created","timestamp":"2023-07-04 13:33:14"}
{"level":"info","message":"New post created","timestamp":"2023-07-04 13:35:34"}
{"level":"error","message":"An error occured: TypeError: Cannot read properties of undefined (reading 'category')","timestamp":"2023-07-04 13:49:10"}
{"level":"info","message":"GET all post","timestamp":"2023-07-04 13:50:24"}
{"level":"info","message":"New post created","timestamp":"2023-07-04 13:52:57"}
{"level":"info","message":"GET all post","timestamp":"2023-07-04 13:53:11"}
{"level":"info","message":"GET all post","timestamp":"2023-07-04 14:03:37"}
{"level":"error","message":"An error occured: TypeError: Cannot read properties of undefined (reading 'path')","timestamp":"2023-07-04 14:09:33"}
{"level":"info","message":"New post created","timestamp":"2023-07-04 14:10:10"}
{"level":"info","message":"GET all post","timestamp":"2023-07-04 14:12:34"}
{"level":"info","message":"GET all post","timestamp":"2023-07-04 14:12:52"}
{"level":"info","message":"GET all post","timestamp":"2023-07-04 14:13:03"}
{"level":"info","message":"GET all post","timestamp":"2023-07-04 14:14:08"}
{"level":"info","message":"GET all post","timestamp":"2023-07-04 14:14:15"}
{"level":"info","message":"GET all post","timestamp":"2023-07-04 14:14:16"}
{"level":"info","message":"GET all post","timestamp":"2023-07-04 14:14:55"}
{"level":"info","message":"GET all post","timestamp":"2023-07-04 14:15:31"}
{"level":"info","message":"GET all post","timestamp":"2023-07-04 14:15:42"}
{"level":"info","message":"GET all post","timestamp":"2023-07-04 14:17:00"}
{"level":"info","message":"GET all post","timestamp":"2023-07-04 14:17:56"}
{"level":"info","message":"GET all post","timestamp":"2023-07-04 14:18:58"}
{"level":"info","message":"GET all post","timestamp":"2023-07-04 14:21:59"}
{"level":"info","message":"GET all post","timestamp":"2023-07-04 14:22:11"}
{"level":"error","message":"An error occured: ReferenceError: Message is not defined","timestamp":"2023-07-04 14:40:10"}
{"level":"error","message":"An error occured: ReferenceError: Message is not defined","timestamp":"2023-07-04 14:49:53"}
{"level":"info","message":"Post Updated","timestamp":"2023-07-04 14:51:12"}
{"level":"info","message":"Post Updated","timestamp":"2023-07-04 15:00:07"}
{"level":"info","message":"GET one post","timestamp":"2023-07-04 15:09:52"}
